<?xml version="1.0" encoding="UTF-8"?>
<!-- Generated by org.testng.reporters.JUnitReportReporter -->
<testsuite hostname="LAPTOP-LKA3284C" failures="0" tests="6" name="parallel.ParallelRuns" time="41.805" errors="0" timestamp="03 Feb 2024 18:27:42 GMT" skipped="2">
  <testcase classname="parallel.ParallelRuns" name="runScenario" time="8.065"/>
  <testcase classname="parallel.ParallelRuns" name="runScenario" time="6.967"/>
  <testcase classname="parallel.ParallelRuns" name="runScenario" time="8.065"/>
  <testcase classname="parallel.ParallelRuns" name="runScenario" time="4.474">
    <skipped/>
  </testcase> <!-- runScenario -->
  <testcase classname="parallel.ParallelRuns" name="runScenario" time="10.514"/>
  <testcase classname="parallel.ParallelRuns" name="runScenario" time="3.720">
    <skipped/>
  </testcase> <!-- runScenario -->
</testsuite> <!-- parallel.ParallelRuns -->
