<?xml version="1.0" encoding="UTF-8"?>
<!-- Generated by org.testng.reporters.JUnitReportReporter -->
<testsuite hostname="LAPTOP-LKA3284C" failures="0" tests="1" name="parallel.FaliedRun" time="8.754" errors="0" timestamp="03 Feb 2024 18:03:25 GMT" skipped="0">
  <testcase classname="parallel.FaliedRun" name="runScenario" time="8.754"/>
</testsuite> <!-- parallel.FaliedRun -->
