<?xml version="1.0" encoding="UTF-8"?>
<!-- Generated by org.testng.reporters.JUnitReportReporter -->
<testsuite skipped="0" hostname="LAPTOP-LKA3284C" name="parallel.ParallelRuns" tests="5" failures="0" timestamp="02 Feb 2024 16:50:08 GMT" time="48.478" errors="0">
  <testcase name="runScenario" time="8.652" classname="parallel.ParallelRuns"/>
  <testcase name="runScenario" time="10.353" classname="parallel.ParallelRuns"/>
  <testcase name="runScenario" time="9.083" classname="parallel.ParallelRuns"/>
  <testcase name="runScenario" time="10.248" classname="parallel.ParallelRuns"/>
  <testcase name="runScenario" time="10.142" classname="parallel.ParallelRuns"/>
</testsuite> <!-- parallel.ParallelRuns -->
